# JRE version: OpenJDK Runtime Environment (17.0.11) (build 17.0.11+0--11852314)
# Java VM: OpenJDK 64-Bit Server VM (17.0.11+0--11852314, mixed mode, tiered, compressed oops, compressed class ptrs, g1 gc, windows-amd64)
GC Precious Log:
 CPUs: 4 total, 4 available
 Memory: 12169M
 Large Page Support: Disabled
 NUMA Support: Disabled
 Compressed Oops: Enabled (32-bit)
 Heap Region Size: 1M
 Heap Min Capacity: 8M
 Heap Initial Capacity: 192M
 Heap Max Capacity: 2G
 Pre-touch: Disabled
 Parallel Workers: 4
 Concurrent Workers: 1
 Concurrent Refinement Workers: 4
 Periodic GC: Disabled
Heap:
 garbage-first heap   total 166912K, used 31015K [0x0000000080000000, 0x0000000100000000)
  region size 1024K, 2 young (2048K), 2 survivors (2048K)
 Metaspace       used 43315K, committed 43776K, reserved 1114112K
  class space    used 5782K, committed 6016K, reserved 1048576K
GC Heap History (20 events):
Event: 1.510 GC heap after
{Heap after GC invocations=2 (full 0):
 garbage-first heap   total 196608K, used 11129K [0x0000000080000000, 0x0000000100000000)
  region size 1024K, 3 young (3072K), 3 survivors (3072K)
 Metaspace       used 10850K, committed 11008K, reserved 1114112K
  class space    used 1140K, committed 1216K, reserved 1048576K
}
Event: 2.895 GC heap before
{Heap before GC invocations=2 (full 0):
 garbage-first heap   total 196608K, used 75641K [0x0000000080000000, 0x0000000100000000)
  region size 1024K, 64 young (65536K), 3 survivors (3072K)
 Metaspace       used 12488K, committed 12672K, reserved 1114112K
  class space    used 1372K, committed 1472K, reserved 1048576K
}
Event: 2.903 GC heap after
{Heap after GC invocations=3 (full 0):
 garbage-first heap   total 196608K, used 17221K [0x0000000080000000, 0x0000000100000000)
  region size 1024K, 8 young (8192K), 8 survivors (8192K)
 Metaspace       used 12488K, committed 12672K, reserved 1114112K
  class space    used 1372K, committed 1472K, reserved 1048576K
}
Event: 4.124 GC heap before
{Heap before GC invocations=3 (full 0):
 garbage-first heap   total 196608K, used 47941K [0x0000000080000000, 0x0000000100000000)
  region size 1024K, 39 young (39936K), 8 survivors (8192K)
 Metaspace       used 21277K, committed 21504K, reserved 1114112K
  class space    used 2523K, committed 2688K, reserved 1048576K
}
Event: 4.137 GC heap after
{Heap after GC invocations=4 (full 0):
 garbage-first heap   total 196608K, used 20436K [0x0000000080000000, 0x0000000100000000)
  region size 1024K, 11 young (11264K), 11 survivors (11264K)
 Metaspace       used 21277K, committed 21504K, reserved 1114112K
  class space    used 2523K, committed 2688K, reserved 1048576K
}
Event: 5.017 GC heap before
{Heap before GC invocations=5 (full 0):
 garbage-first heap   total 78848K, used 55252K [0x0000000080000000, 0x0000000100000000)
  region size 1024K, 46 young (47104K), 11 survivors (11264K)
 Metaspace       used 26434K, committed 26688K, reserved 1114112K
  class space    used 3405K, committed 3520K, reserved 1048576K
}
Event: 5.030 GC heap after
{Heap after GC invocations=6 (full 0):
 garbage-first heap   total 78848K, used 22092K [0x0000000080000000, 0x0000000100000000)
  region size 1024K, 5 young (5120K), 5 survivors (5120K)
 Metaspace       used 26434K, committed 26688K, reserved 1114112K
  class space    used 3405K, committed 3520K, reserved 1048576K
}
Event: 5.064 GC heap before
{Heap before GC invocations=6 (full 0):
 garbage-first heap   total 78848K, used 23116K [0x0000000080000000, 0x0000000100000000)
  region size 1024K, 6 young (6144K), 5 survivors (5120K)
 Metaspace       used 26630K, committed 26880K, reserved 1114112K
  class space    used 3436K, committed 3584K, reserved 1048576K
}
Event: 5.074 GC heap after
{Heap after GC invocations=7 (full 0):
 garbage-first heap   total 78848K, used 22773K [0x0000000080000000, 0x0000000100000000)
  region size 1024K, 1 young (1024K), 1 survivors (1024K)
 Metaspace       used 26630K, committed 26880K, reserved 1114112K
  class space    used 3436K, committed 3584K, reserved 1048576K
}
Event: 6.064 GC heap before
{Heap before GC invocations=7 (full 0):
 garbage-first heap   total 78848K, used 58613K [0x0000000080000000, 0x0000000100000000)
  region size 1024K, 36 young (36864K), 1 survivors (1024K)
 Metaspace       used 31122K, committed 31360K, reserved 1114112K
  class space    used 4184K, committed 4288K, reserved 1048576K
}
Event: 6.070 GC heap after
{Heap after GC invocations=8 (full 0):
 garbage-first heap   total 78848K, used 23965K [0x0000000080000000, 0x0000000100000000)
  region size 1024K, 3 young (3072K), 3 survivors (3072K)
 Metaspace       used 31122K, committed 31360K, reserved 1114112K
  class space    used 4184K, committed 4288K, reserved 1048576K
}
Event: 7.250 GC heap before
{Heap before GC invocations=8 (full 0):
 garbage-first heap   total 78848K, used 58781K [0x0000000080000000, 0x0000000100000000)
  region size 1024K, 37 young (37888K), 3 survivors (3072K)
 Metaspace       used 35285K, committed 35648K, reserved 1114112K
  class space    used 4843K, committed 5056K, reserved 1048576K
}
Event: 7.257 GC heap after
{Heap after GC invocations=9 (full 0):
 garbage-first heap   total 78848K, used 25306K [0x0000000080000000, 0x0000000100000000)
  region size 1024K, 4 young (4096K), 4 survivors (4096K)
 Metaspace       used 35285K, committed 35648K, reserved 1114112K
  class space    used 4843K, committed 5056K, reserved 1048576K
}
Event: 7.312 GC heap before
{Heap before GC invocations=9 (full 0):
 garbage-first heap   total 78848K, used 27354K [0x0000000080000000, 0x0000000100000000)
  region size 1024K, 7 young (7168K), 4 survivors (4096K)
 Metaspace       used 35726K, committed 36096K, reserved 1114112K
  class space    used 4911K, committed 5120K, reserved 1048576K
}
Event: 7.319 GC heap after
{Heap after GC invocations=10 (full 0):
 garbage-first heap   total 78848K, used 25630K [0x0000000080000000, 0x0000000100000000)
  region size 1024K, 2 young (2048K), 2 survivors (2048K)
 Metaspace       used 35726K, committed 36096K, reserved 1114112K
  class space    used 4911K, committed 5120K, reserved 1048576K
}
Event: 8.261 GC heap before
{Heap before GC invocations=11 (full 0):
 garbage-first heap   total 78848K, used 61470K [0x0000000080000000, 0x0000000100000000)
  region size 1024K, 38 young (38912K), 2 survivors (2048K)
 Metaspace       used 42314K, committed 42688K, reserved 1114112K
  class space    used 5622K, committed 5760K, reserved 1048576K
}
Event: 8.272 GC heap after
{Heap after GC invocations=12 (full 0):
 garbage-first heap   total 78848K, used 29429K [0x0000000080000000, 0x0000000100000000)
  region size 1024K, 5 young (5120K), 5 survivors (5120K)
 Metaspace       used 42314K, committed 42688K, reserved 1114112K
  class space    used 5622K, committed 5760K, reserved 1048576K
}
Event: 8.289 GC heap before
{Heap before GC invocations=12 (full 0):
 garbage-first heap   total 78848K, used 30453K [0x0000000080000000, 0x0000000100000000)
  region size 1024K, 6 young (6144K), 5 survivors (5120K)
 Metaspace       used 42315K, committed 42688K, reserved 1114112K
  class space    used 5622K, committed 5760K, reserved 1048576K
}
Event: 8.298 GC heap after
{Heap after GC invocations=13 (full 0):
 garbage-first heap   total 78848K, used 29941K [0x0000000080000000, 0x0000000100000000)
  region size 1024K, 1 young (1024K), 1 survivors (1024K)
 Metaspace       used 42315K, committed 42688K, reserved 1114112K
  class space    used 5622K, committed 5760K, reserved 1048576K
}
Event: 8.622 GC heap before
{Heap before GC invocations=13 (full 0):
 garbage-first heap   total 78848K, used 60661K [0x0000000080000000, 0x0000000100000000)
  region size 1024K, 31 young (31744K), 1 survivors (1024K)
 Metaspace       used 43315K, committed 43776K, reserved 1114112K
  class space    used 5782K, committed 6016K, reserved 1048576K
}

