# JRE version: OpenJDK Runtime Environment (17.0.11) (build 17.0.11+0--11852314)
# Java VM: OpenJDK 64-Bit Server VM (17.0.11+0--11852314, mixed mode, tiered, compressed oops, compressed class ptrs, g1 gc, windows-amd64)
GC Precious Log:
 CPUs: 4 total, 4 available
 Memory: 12169M
 Large Page Support: Disabled
 NUMA Support: Disabled
 Compressed Oops: Enabled (32-bit)
 Heap Region Size: 1M
 Heap Min Capacity: 8M
 Heap Initial Capacity: 192M
 Heap Max Capacity: 2G
 Pre-touch: Disabled
 Parallel Workers: 4
 Concurrent Workers: 1
 Concurrent Refinement Workers: 4
 Periodic GC: Disabled
Heap:
 garbage-first heap   total 95232K, used 49365K [0x0000000080000000, 0x0000000100000000)
  region size 1024K, 3 young (3072K), 3 survivors (3072K)
 Metaspace       used 62073K, committed 62656K, reserved 1114112K
  class space    used 8464K, committed 8768K, reserved 1048576K
GC Heap History (20 events):
Event: 9.853 GC heap after
{Heap after GC invocations=12 (full 0):
 garbage-first heap   total 78848K, used 31374K [0x0000000080000000, 0x0000000100000000)
  region size 1024K, 2 young (2048K), 2 survivors (2048K)
 Metaspace       used 43352K, committed 43776K, reserved 1114112K
  class space    used 5782K, committed 5952K, reserved 1048576K
}
Event: 10.578 GC heap before
{Heap before GC invocations=12 (full 0):
 garbage-first heap   total 78848K, used 61070K [0x0000000080000000, 0x0000000100000000)
  region size 1024K, 31 young (31744K), 2 survivors (2048K)
 Metaspace       used 46039K, committed 46464K, reserved 1114112K
  class space    used 6224K, committed 6400K, reserved 1048576K
}
Event: 10.586 GC heap after
{Heap after GC invocations=13 (full 0):
 garbage-first heap   total 95232K, used 33190K [0x0000000080000000, 0x0000000100000000)
  region size 1024K, 4 young (4096K), 4 survivors (4096K)
 Metaspace       used 46039K, committed 46464K, reserved 1114112K
  class space    used 6224K, committed 6400K, reserved 1048576K
}
Event: 11.745 GC heap before
{Heap before GC invocations=13 (full 0):
 garbage-first heap   total 95232K, used 76198K [0x0000000080000000, 0x0000000100000000)
  region size 1024K, 44 young (45056K), 4 survivors (4096K)
 Metaspace       used 51686K, committed 52224K, reserved 1114112K
  class space    used 6964K, committed 7232K, reserved 1048576K
}
Event: 11.753 GC heap after
{Heap after GC invocations=14 (full 0):
 garbage-first heap   total 95232K, used 34540K [0x0000000080000000, 0x0000000100000000)
  region size 1024K, 4 young (4096K), 4 survivors (4096K)
 Metaspace       used 51686K, committed 52224K, reserved 1114112K
  class space    used 6964K, committed 7232K, reserved 1048576K
}
Event: 12.886 GC heap before
{Heap before GC invocations=14 (full 0):
 garbage-first heap   total 95232K, used 75500K [0x0000000080000000, 0x0000000100000000)
  region size 1024K, 44 young (45056K), 4 survivors (4096K)
 Metaspace       used 56787K, committed 57216K, reserved 1114112K
  class space    used 7747K, committed 7936K, reserved 1048576K
}
Event: 12.895 GC heap after
{Heap after GC invocations=15 (full 0):
 garbage-first heap   total 95232K, used 36734K [0x0000000080000000, 0x0000000100000000)
  region size 1024K, 4 young (4096K), 4 survivors (4096K)
 Metaspace       used 56787K, committed 57216K, reserved 1114112K
  class space    used 7747K, committed 7936K, reserved 1048576K
}
Event: 14.125 GC heap before
{Heap before GC invocations=15 (full 0):
 garbage-first heap   total 95232K, used 66430K [0x0000000080000000, 0x0000000100000000)
  region size 1024K, 34 young (34816K), 4 survivors (4096K)
 Metaspace       used 60229K, committed 60736K, reserved 1114112K
  class space    used 8303K, committed 8576K, reserved 1048576K
}
Event: 14.134 GC heap after
{Heap after GC invocations=16 (full 0):
 garbage-first heap   total 95232K, used 38440K [0x0000000080000000, 0x0000000100000000)
  region size 1024K, 4 young (4096K), 4 survivors (4096K)
 Metaspace       used 60229K, committed 60736K, reserved 1114112K
  class space    used 8303K, committed 8576K, reserved 1048576K
}
Event: 16.054 GC heap before
{Heap before GC invocations=17 (full 0):
 garbage-first heap   total 95232K, used 76328K [0x0000000080000000, 0x0000000100000000)
  region size 1024K, 42 young (43008K), 4 survivors (4096K)
 Metaspace       used 61494K, committed 62016K, reserved 1114112K
  class space    used 8435K, committed 8704K, reserved 1048576K
}
Event: 16.072 GC heap after
{Heap after GC invocations=18 (full 0):
 garbage-first heap   total 95232K, used 43247K [0x0000000080000000, 0x0000000100000000)
  region size 1024K, 6 young (6144K), 6 survivors (6144K)
 Metaspace       used 61494K, committed 62016K, reserved 1114112K
  class space    used 8435K, committed 8704K, reserved 1048576K
}
Event: 16.799 GC heap before
{Heap before GC invocations=18 (full 0):
 garbage-first heap   total 95232K, used 73967K [0x0000000080000000, 0x0000000100000000)
  region size 1024K, 37 young (37888K), 6 survivors (6144K)
 Metaspace       used 61898K, committed 62528K, reserved 1114112K
  class space    used 8462K, committed 8768K, reserved 1048576K
}
Event: 16.813 GC heap after
{Heap after GC invocations=19 (full 0):
 garbage-first heap   total 95232K, used 46078K [0x0000000080000000, 0x0000000100000000)
  region size 1024K, 4 young (4096K), 4 survivors (4096K)
 Metaspace       used 61898K, committed 62528K, reserved 1114112K
  class space    used 8462K, committed 8768K, reserved 1048576K
}
Event: 17.719 GC heap before
{Heap before GC invocations=19 (full 0):
 garbage-first heap   total 95232K, used 75774K [0x0000000080000000, 0x0000000100000000)
  region size 1024K, 33 young (33792K), 4 survivors (4096K)
 Metaspace       used 62043K, committed 62656K, reserved 1114112K
  class space    used 8463K, committed 8768K, reserved 1048576K
}
Event: 17.727 GC heap after
{Heap after GC invocations=20 (full 0):
 garbage-first heap   total 95232K, used 46577K [0x0000000080000000, 0x0000000100000000)
  region size 1024K, 3 young (3072K), 3 survivors (3072K)
 Metaspace       used 62043K, committed 62656K, reserved 1114112K
  class space    used 8463K, committed 8768K, reserved 1048576K
}
Event: 18.398 GC heap before
{Heap before GC invocations=21 (full 0):
 garbage-first heap   total 95232K, used 75249K [0x0000000080000000, 0x0000000100000000)
  region size 1024K, 32 young (32768K), 3 survivors (3072K)
 Metaspace       used 62062K, committed 62656K, reserved 1114112K
  class space    used 8464K, committed 8768K, reserved 1048576K
}
Event: 18.405 GC heap after
{Heap after GC invocations=22 (full 0):
 garbage-first heap   total 95232K, used 47366K [0x0000000080000000, 0x0000000100000000)
  region size 1024K, 3 young (3072K), 3 survivors (3072K)
 Metaspace       used 62062K, committed 62656K, reserved 1114112K
  class space    used 8464K, committed 8768K, reserved 1048576K
}
Event: 18.418 GC heap before
{Heap before GC invocations=22 (full 0):
 garbage-first heap   total 95232K, used 48390K [0x0000000080000000, 0x0000000100000000)
  region size 1024K, 4 young (4096K), 3 survivors (3072K)
 Metaspace       used 62062K, committed 62656K, reserved 1114112K
  class space    used 8464K, committed 8768K, reserved 1048576K
}
Event: 18.425 GC heap after
{Heap after GC invocations=23 (full 0):
 garbage-first heap   total 95232K, used 46803K [0x0000000080000000, 0x0000000100000000)
  region size 1024K, 1 young (1024K), 1 survivors (1024K)
 Metaspace       used 62062K, committed 62656K, reserved 1114112K
  class space    used 8464K, committed 8768K, reserved 1048576K
}
Event: 18.959 GC heap before
{Heap before GC invocations=23 (full 0):
 garbage-first heap   total 95232K, used 74451K [0x0000000080000000, 0x0000000100000000)
  region size 1024K, 29 young (29696K), 1 survivors (1024K)
 Metaspace       used 62073K, committed 62656K, reserved 1114112K
  class space    used 8464K, committed 8768K, reserved 1048576K
}

